<?xml version="1.0" encoding="UTF-8"?>
<testng-results ignored="0" total="12" passed="12" failed="0" skipped="0">
  <reporter-output>
  </reporter-output>
  <suite started-at="2025-09-08T17:45:27 IST" name="Default suite" finished-at="2025-09-08T17:48:28 IST" duration-ms="181263">
    <groups>
      <group name="cucumber">
        <method signature="AbstractTestNGCucumberTests.runScenario(io.cucumber.testng.PickleWrapper,io.cucumber.testng.FeatureWrapper)[pri:0, instance:runners.TestRunner@2118cddf]" name="runScenario" class="io.cucumber.testng.AbstractTestNGCucumberTests"/>
      </group> <!-- cucumber -->
    </groups>
    <test started-at="2025-09-08T17:45:27 IST" name="Default test" finished-at="2025-09-08T17:48:28 IST" duration-ms="181263">
      <class name="runners.TestRunner">
        <test-method is-config="true" signature="setUpClass(org.testng.ITestContext)[pri:0, instance:runners.TestRunner@2118cddf]" started-at="2025-09-08T17:45:27 IST" name="setUpClass" finished-at="2025-09-08T17:45:28 IST" duration-ms="630" status="PASS">
          <params>
            <param index="0">
              <value>
                <![CDATA[org.testng.TestRunner@47eae91d]]>
              </value>
            </param>
          </params>
          <reporter-output>
          </reporter-output>
        </test-method> <!-- setUpClass -->
        <test-method signature="runScenario(io.cucumber.testng.PickleWrapper,io.cucumber.testng.FeatureWrapper)[pri:0, instance:runners.TestRunner@2118cddf]" started-at="2025-09-08T17:45:28 IST" name="runScenario" description="Runs Cucumber Scenarios" data-provider="scenarios" finished-at="2025-09-08T17:45:41 IST" duration-ms="12696" status="PASS">
          <params>
            <param index="0">
              <value>
                <![CDATA["Add product to cart"]]>
              </value>
            </param>
            <param index="1">
              <value>
                <![CDATA["Cart functionality for bstackdemo"]]>
              </value>
            </param>
          </params>
          <reporter-output>
          </reporter-output>
        </test-method> <!-- runScenario -->
        <test-method signature="runScenario(io.cucumber.testng.PickleWrapper,io.cucumber.testng.FeatureWrapper)[pri:0, instance:runners.TestRunner@2118cddf]" started-at="2025-09-08T17:45:41 IST" name="runScenario" description="Runs Cucumber Scenarios" data-provider="scenarios" finished-at="2025-09-08T17:45:53 IST" duration-ms="12633" status="PASS">
          <params>
            <param index="0">
              <value>
                <![CDATA["Verify product in cart and proceed to checkout"]]>
              </value>
            </param>
            <param index="1">
              <value>
                <![CDATA["Checkout functionality for bstackdemo"]]>
              </value>
            </param>
          </params>
          <reporter-output>
          </reporter-output>
        </test-method> <!-- runScenario -->
        <test-method signature="runScenario(io.cucumber.testng.PickleWrapper,io.cucumber.testng.FeatureWrapper)[pri:0, instance:runners.TestRunner@2118cddf]" started-at="2025-09-08T17:45:53 IST" name="runScenario" description="Runs Cucumber Scenarios" data-provider="scenarios" finished-at="2025-09-08T17:46:04 IST" duration-ms="10562" status="PASS">
          <params>
            <param index="0">
              <value>
                <![CDATA["Filter products by multiple brands"]]>
              </value>
            </param>
            <param index="1">
              <value>
                <![CDATA["Filter products by brand"]]>
              </value>
            </param>
          </params>
          <reporter-output>
          </reporter-output>
        </test-method> <!-- runScenario -->
        <test-method signature="runScenario(io.cucumber.testng.PickleWrapper,io.cucumber.testng.FeatureWrapper)[pri:0, instance:runners.TestRunner@2118cddf]" started-at="2025-09-08T17:46:04 IST" name="runScenario" description="Runs Cucumber Scenarios" data-provider="scenarios" finished-at="2025-09-08T17:46:19 IST" duration-ms="15170" status="PASS">
          <params>
            <param index="0">
              <value>
                <![CDATA["Valid login"]]>
              </value>
            </param>
            <param index="1">
              <value>
                <![CDATA["Login functionality for bstackdemo"]]>
              </value>
            </param>
          </params>
          <reporter-output>
          </reporter-output>
        </test-method> <!-- runScenario -->
        <test-method signature="runScenario(io.cucumber.testng.PickleWrapper,io.cucumber.testng.FeatureWrapper)[pri:0, instance:runners.TestRunner@2118cddf]" started-at="2025-09-08T17:46:19 IST" name="runScenario" description="Runs Cucumber Scenarios" data-provider="scenarios" finished-at="2025-09-08T17:46:28 IST" duration-ms="8561" status="PASS">
          <params>
            <param index="0">
              <value>
                <![CDATA["Logout successfully"]]>
              </value>
            </param>
            <param index="1">
              <value>
                <![CDATA["Logout functionality"]]>
              </value>
            </param>
          </params>
          <reporter-output>
          </reporter-output>
        </test-method> <!-- runScenario -->
        <test-method signature="runScenario(io.cucumber.testng.PickleWrapper,io.cucumber.testng.FeatureWrapper)[pri:0, instance:runners.TestRunner@2118cddf]" started-at="2025-09-08T17:46:28 IST" name="runScenario" description="Runs Cucumber Scenarios" data-provider="scenarios" finished-at="2025-09-08T17:46:53 IST" duration-ms="25250" status="PASS">
          <params>
            <param index="0">
              <value>
                <![CDATA["Add two different products to the cart"]]>
              </value>
            </param>
            <param index="1">
              <value>
                <![CDATA["Add multiple products to the cart"]]>
              </value>
            </param>
          </params>
          <reporter-output>
          </reporter-output>
        </test-method> <!-- runScenario -->
        <test-method signature="runScenario(io.cucumber.testng.PickleWrapper,io.cucumber.testng.FeatureWrapper)[pri:0, instance:runners.TestRunner@2118cddf]" started-at="2025-09-08T17:46:53 IST" name="runScenario" description="Runs Cucumber Scenarios" data-provider="scenarios" finished-at="2025-09-08T17:47:05 IST" duration-ms="12261" status="PASS">
          <params>
            <param index="0">
              <value>
                <![CDATA["Navigate to offers page"]]>
              </value>
            </param>
            <param index="1">
              <value>
                <![CDATA["Offers functionality"]]>
              </value>
            </param>
          </params>
          <reporter-output>
          </reporter-output>
        </test-method> <!-- runScenario -->
        <test-method signature="runScenario(io.cucumber.testng.PickleWrapper,io.cucumber.testng.FeatureWrapper)[pri:0, instance:runners.TestRunner@2118cddf]" started-at="2025-09-08T17:47:05 IST" name="runScenario" description="Runs Cucumber Scenarios" data-provider="scenarios" finished-at="2025-09-08T17:47:31 IST" duration-ms="25510" status="PASS">
          <params>
            <param index="0">
              <value>
                <![CDATA["Remove a product from the cart"]]>
              </value>
            </param>
            <param index="1">
              <value>
                <![CDATA["Remove product from the cart"]]>
              </value>
            </param>
          </params>
          <reporter-output>
          </reporter-output>
        </test-method> <!-- runScenario -->
        <test-method signature="runScenario(io.cucumber.testng.PickleWrapper,io.cucumber.testng.FeatureWrapper)[pri:0, instance:runners.TestRunner@2118cddf]" started-at="2025-09-08T17:47:31 IST" name="runScenario" description="Runs Cucumber Scenarios" data-provider="scenarios" finished-at="2025-09-08T17:47:45 IST" duration-ms="14459" status="PASS">
          <params>
            <param index="0">
              <value>
                <![CDATA["Search for a product by name"]]>
              </value>
            </param>
            <param index="1">
              <value>
                <![CDATA["Search functionality for bstackdemo"]]>
              </value>
            </param>
          </params>
          <reporter-output>
          </reporter-output>
        </test-method> <!-- runScenario -->
        <test-method signature="runScenario(io.cucumber.testng.PickleWrapper,io.cucumber.testng.FeatureWrapper)[pri:0, instance:runners.TestRunner@2118cddf]" started-at="2025-09-08T17:47:45 IST" name="runScenario" description="Runs Cucumber Scenarios" data-provider="scenarios" finished-at="2025-09-08T17:48:05 IST" duration-ms="19784" status="PASS">
          <params>
            <param index="0">
              <value>
                <![CDATA["Fill shipping address and proceed"]]>
              </value>
            </param>
            <param index="1">
              <value>
                <![CDATA["Shipping address functionality in bstackdemo"]]>
              </value>
            </param>
          </params>
          <reporter-output>
          </reporter-output>
        </test-method> <!-- runScenario -->
        <test-method signature="runScenario(io.cucumber.testng.PickleWrapper,io.cucumber.testng.FeatureWrapper)[pri:0, instance:runners.TestRunner@2118cddf]" started-at="2025-09-08T17:48:05 IST" name="runScenario" description="Runs Cucumber Scenarios" data-provider="scenarios" finished-at="2025-09-08T17:48:17 IST" duration-ms="12281" status="PASS">
          <params>
            <param index="0">
              <value>
                <![CDATA["Sort products by lowest price"]]>
              </value>
            </param>
            <param index="1">
              <value>
                <![CDATA["Sort products in the catalog"]]>
              </value>
            </param>
          </params>
          <reporter-output>
          </reporter-output>
        </test-method> <!-- runScenario -->
        <test-method signature="runScenario(io.cucumber.testng.PickleWrapper,io.cucumber.testng.FeatureWrapper)[pri:0, instance:runners.TestRunner@2118cddf]" started-at="2025-09-08T17:48:17 IST" name="runScenario" description="Runs Cucumber Scenarios" data-provider="scenarios" finished-at="2025-09-08T17:48:28 IST" duration-ms="11385" status="PASS">
          <params>
            <param index="0">
              <value>
                <![CDATA["Sort products by highest price"]]>
              </value>
            </param>
            <param index="1">
              <value>
                <![CDATA["Sort products in the catalog"]]>
              </value>
            </param>
          </params>
          <reporter-output>
          </reporter-output>
        </test-method> <!-- runScenario -->
        <test-method is-config="true" signature="tearDownClass()[pri:0, instance:runners.TestRunner@2118cddf]" started-at="2025-09-08T17:48:28 IST" name="tearDownClass" finished-at="2025-09-08T17:48:28 IST" duration-ms="19" status="PASS">
          <reporter-output>
          </reporter-output>
        </test-method> <!-- tearDownClass -->
      </class> <!-- runners.TestRunner -->
    </test> <!-- Default test -->
  </suite> <!-- Default suite -->
</testng-results>
