<?xml version="1.0" encoding="UTF-8"?>
<testng-results ignored="0" total="16" passed="16" failed="0" skipped="0">
  <reporter-output>
  </reporter-output>
  <suite started-at="2025-09-08T19:06:05 IST" name="Default suite" finished-at="2025-09-08T19:09:43 IST" duration-ms="218516">
    <groups>
      <group name="cucumber">
        <method signature="AbstractTestNGCucumberTests.runScenario(io.cucumber.testng.PickleWrapper,io.cucumber.testng.FeatureWrapper)[pri:0, instance:runners.TestRunner@2118cddf]" name="runScenario" class="io.cucumber.testng.AbstractTestNGCucumberTests"/>
      </group> <!-- cucumber -->
    </groups>
    <test started-at="2025-09-08T19:06:05 IST" name="Default test" finished-at="2025-09-08T19:09:43 IST" duration-ms="218516">
      <class name="runners.TestRunner">
        <test-method is-config="true" signature="setUpClass(org.testng.ITestContext)[pri:0, instance:runners.TestRunner@2118cddf]" started-at="2025-09-08T19:06:05 IST" name="setUpClass" finished-at="2025-09-08T19:06:05 IST" duration-ms="671" status="PASS">
          <params>
            <param index="0">
              <value>
                <![CDATA[org.testng.TestRunner@3bc18fec]]>
              </value>
            </param>
          </params>
          <reporter-output>
          </reporter-output>
        </test-method> <!-- setUpClass -->
        <test-method signature="runScenario(io.cucumber.testng.PickleWrapper,io.cucumber.testng.FeatureWrapper)[pri:0, instance:runners.TestRunner@2118cddf]" started-at="2025-09-08T19:06:05 IST" name="runScenario" description="Runs Cucumber Scenarios" data-provider="scenarios" finished-at="2025-09-08T19:06:18 IST" duration-ms="12516" status="PASS">
          <params>
            <param index="0">
              <value>
                <![CDATA["Add product to cart"]]>
              </value>
            </param>
            <param index="1">
              <value>
                <![CDATA["Cart functionality for bstackdemo"]]>
              </value>
            </param>
          </params>
          <reporter-output>
          </reporter-output>
        </test-method> <!-- runScenario -->
        <test-method signature="runScenario(io.cucumber.testng.PickleWrapper,io.cucumber.testng.FeatureWrapper)[pri:0, instance:runners.TestRunner@2118cddf]" started-at="2025-09-08T19:06:18 IST" name="runScenario" description="Runs Cucumber Scenarios" data-provider="scenarios" finished-at="2025-09-08T19:06:31 IST" duration-ms="12866" status="PASS">
          <params>
            <param index="0">
              <value>
                <![CDATA["Verify product in cart and proceed to checkout"]]>
              </value>
            </param>
            <param index="1">
              <value>
                <![CDATA["Checkout functionality for bstackdemo"]]>
              </value>
            </param>
          </params>
          <reporter-output>
          </reporter-output>
        </test-method> <!-- runScenario -->
        <test-method signature="runScenario(io.cucumber.testng.PickleWrapper,io.cucumber.testng.FeatureWrapper)[pri:0, instance:runners.TestRunner@2118cddf]" started-at="2025-09-08T19:06:31 IST" name="runScenario" description="Runs Cucumber Scenarios" data-provider="scenarios" finished-at="2025-09-08T19:06:42 IST" duration-ms="11382" status="PASS">
          <params>
            <param index="0">
              <value>
                <![CDATA["Filter products by multiple brands"]]>
              </value>
            </param>
            <param index="1">
              <value>
                <![CDATA["Filter products by brand"]]>
              </value>
            </param>
          </params>
          <reporter-output>
          </reporter-output>
        </test-method> <!-- runScenario -->
        <test-method signature="runScenario(io.cucumber.testng.PickleWrapper,io.cucumber.testng.FeatureWrapper)[pri:0, instance:runners.TestRunner@2118cddf]" started-at="2025-09-08T19:06:42 IST" name="runScenario" description="Runs Cucumber Scenarios" data-provider="scenarios" finished-at="2025-09-08T19:06:52 IST" duration-ms="10114" status="PASS">
          <params>
            <param index="0">
              <value>
                <![CDATA["Login as demouser"]]>
              </value>
            </param>
            <param index="1">
              <value>
                <![CDATA["Login functionality for different users"]]>
              </value>
            </param>
          </params>
          <reporter-output>
          </reporter-output>
        </test-method> <!-- runScenario -->
        <test-method signature="runScenario(io.cucumber.testng.PickleWrapper,io.cucumber.testng.FeatureWrapper)[pri:0, instance:runners.TestRunner@2118cddf]" started-at="2025-09-08T19:06:52 IST" name="runScenario" description="Runs Cucumber Scenarios" data-provider="scenarios" finished-at="2025-09-08T19:07:02 IST" duration-ms="9281" status="PASS">
          <params>
            <param index="0">
              <value>
                <![CDATA["Login as image_not_loading_user"]]>
              </value>
            </param>
            <param index="1">
              <value>
                <![CDATA["Login functionality for different users"]]>
              </value>
            </param>
          </params>
          <reporter-output>
          </reporter-output>
        </test-method> <!-- runScenario -->
        <test-method signature="runScenario(io.cucumber.testng.PickleWrapper,io.cucumber.testng.FeatureWrapper)[pri:0, instance:runners.TestRunner@2118cddf]" started-at="2025-09-08T19:07:02 IST" name="runScenario" description="Runs Cucumber Scenarios" data-provider="scenarios" finished-at="2025-09-08T19:07:12 IST" duration-ms="10429" status="PASS">
          <params>
            <param index="0">
              <value>
                <![CDATA["Login as existing_orders_user"]]>
              </value>
            </param>
            <param index="1">
              <value>
                <![CDATA["Login functionality for different users"]]>
              </value>
            </param>
          </params>
          <reporter-output>
          </reporter-output>
        </test-method> <!-- runScenario -->
        <test-method signature="runScenario(io.cucumber.testng.PickleWrapper,io.cucumber.testng.FeatureWrapper)[pri:0, instance:runners.TestRunner@2118cddf]" started-at="2025-09-08T19:07:12 IST" name="runScenario" description="Runs Cucumber Scenarios" data-provider="scenarios" finished-at="2025-09-08T19:07:21 IST" duration-ms="9199" status="PASS">
          <params>
            <param index="0">
              <value>
                <![CDATA["Login as fav_user"]]>
              </value>
            </param>
            <param index="1">
              <value>
                <![CDATA["Login functionality for different users"]]>
              </value>
            </param>
          </params>
          <reporter-output>
          </reporter-output>
        </test-method> <!-- runScenario -->
        <test-method signature="runScenario(io.cucumber.testng.PickleWrapper,io.cucumber.testng.FeatureWrapper)[pri:0, instance:runners.TestRunner@2118cddf]" started-at="2025-09-08T19:07:21 IST" name="runScenario" description="Runs Cucumber Scenarios" data-provider="scenarios" finished-at="2025-09-08T19:07:30 IST" duration-ms="8833" status="PASS">
          <params>
            <param index="0">
              <value>
                <![CDATA["Login as locked_user"]]>
              </value>
            </param>
            <param index="1">
              <value>
                <![CDATA["Login functionality for different users"]]>
              </value>
            </param>
          </params>
          <reporter-output>
          </reporter-output>
        </test-method> <!-- runScenario -->
        <test-method signature="runScenario(io.cucumber.testng.PickleWrapper,io.cucumber.testng.FeatureWrapper)[pri:0, instance:runners.TestRunner@2118cddf]" started-at="2025-09-08T19:07:30 IST" name="runScenario" description="Runs Cucumber Scenarios" data-provider="scenarios" finished-at="2025-09-08T19:07:39 IST" duration-ms="9131" status="PASS">
          <params>
            <param index="0">
              <value>
                <![CDATA["Logout successfully"]]>
              </value>
            </param>
            <param index="1">
              <value>
                <![CDATA["Logout functionality"]]>
              </value>
            </param>
          </params>
          <reporter-output>
          </reporter-output>
        </test-method> <!-- runScenario -->
        <test-method signature="runScenario(io.cucumber.testng.PickleWrapper,io.cucumber.testng.FeatureWrapper)[pri:0, instance:runners.TestRunner@2118cddf]" started-at="2025-09-08T19:07:39 IST" name="runScenario" description="Runs Cucumber Scenarios" data-provider="scenarios" finished-at="2025-09-08T19:08:05 IST" duration-ms="25398" status="PASS">
          <params>
            <param index="0">
              <value>
                <![CDATA["Add two different products to the cart"]]>
              </value>
            </param>
            <param index="1">
              <value>
                <![CDATA["Add multiple products to the cart"]]>
              </value>
            </param>
          </params>
          <reporter-output>
          </reporter-output>
        </test-method> <!-- runScenario -->
        <test-method signature="runScenario(io.cucumber.testng.PickleWrapper,io.cucumber.testng.FeatureWrapper)[pri:0, instance:runners.TestRunner@2118cddf]" started-at="2025-09-08T19:08:05 IST" name="runScenario" description="Runs Cucumber Scenarios" data-provider="scenarios" finished-at="2025-09-08T19:08:18 IST" duration-ms="13649" status="PASS">
          <params>
            <param index="0">
              <value>
                <![CDATA["Navigate to offers page"]]>
              </value>
            </param>
            <param index="1">
              <value>
                <![CDATA["Offers functionality"]]>
              </value>
            </param>
          </params>
          <reporter-output>
          </reporter-output>
        </test-method> <!-- runScenario -->
        <test-method signature="runScenario(io.cucumber.testng.PickleWrapper,io.cucumber.testng.FeatureWrapper)[pri:0, instance:runners.TestRunner@2118cddf]" started-at="2025-09-08T19:08:18 IST" name="runScenario" description="Runs Cucumber Scenarios" data-provider="scenarios" finished-at="2025-09-08T19:08:45 IST" duration-ms="27016" status="PASS">
          <params>
            <param index="0">
              <value>
                <![CDATA["Remove a product from the cart"]]>
              </value>
            </param>
            <param index="1">
              <value>
                <![CDATA["Remove product from the cart"]]>
              </value>
            </param>
          </params>
          <reporter-output>
          </reporter-output>
        </test-method> <!-- runScenario -->
        <test-method signature="runScenario(io.cucumber.testng.PickleWrapper,io.cucumber.testng.FeatureWrapper)[pri:0, instance:runners.TestRunner@2118cddf]" started-at="2025-09-08T19:08:45 IST" name="runScenario" description="Runs Cucumber Scenarios" data-provider="scenarios" finished-at="2025-09-08T19:08:59 IST" duration-ms="14016" status="PASS">
          <params>
            <param index="0">
              <value>
                <![CDATA["Search for a product by name"]]>
              </value>
            </param>
            <param index="1">
              <value>
                <![CDATA["Search functionality for bstackdemo"]]>
              </value>
            </param>
          </params>
          <reporter-output>
          </reporter-output>
        </test-method> <!-- runScenario -->
        <test-method signature="runScenario(io.cucumber.testng.PickleWrapper,io.cucumber.testng.FeatureWrapper)[pri:0, instance:runners.TestRunner@2118cddf]" started-at="2025-09-08T19:08:59 IST" name="runScenario" description="Runs Cucumber Scenarios" data-provider="scenarios" finished-at="2025-09-08T19:09:20 IST" duration-ms="20619" status="PASS">
          <params>
            <param index="0">
              <value>
                <![CDATA["Fill shipping address and proceed"]]>
              </value>
            </param>
            <param index="1">
              <value>
                <![CDATA["Shipping address functionality in bstackdemo"]]>
              </value>
            </param>
          </params>
          <reporter-output>
          </reporter-output>
        </test-method> <!-- runScenario -->
        <test-method signature="runScenario(io.cucumber.testng.PickleWrapper,io.cucumber.testng.FeatureWrapper)[pri:0, instance:runners.TestRunner@2118cddf]" started-at="2025-09-08T19:09:20 IST" name="runScenario" description="Runs Cucumber Scenarios" data-provider="scenarios" finished-at="2025-09-08T19:09:32 IST" duration-ms="12281" status="PASS">
          <params>
            <param index="0">
              <value>
                <![CDATA["Sort products by lowest price"]]>
              </value>
            </param>
            <param index="1">
              <value>
                <![CDATA["Sort products in the catalog"]]>
              </value>
            </param>
          </params>
          <reporter-output>
          </reporter-output>
        </test-method> <!-- runScenario -->
        <test-method signature="runScenario(io.cucumber.testng.PickleWrapper,io.cucumber.testng.FeatureWrapper)[pri:0, instance:runners.TestRunner@2118cddf]" started-at="2025-09-08T19:09:32 IST" name="runScenario" description="Runs Cucumber Scenarios" data-provider="scenarios" finished-at="2025-09-08T19:09:43 IST" duration-ms="11030" status="PASS">
          <params>
            <param index="0">
              <value>
                <![CDATA["Sort products by highest price"]]>
              </value>
            </param>
            <param index="1">
              <value>
                <![CDATA["Sort products in the catalog"]]>
              </value>
            </param>
          </params>
          <reporter-output>
          </reporter-output>
        </test-method> <!-- runScenario -->
        <test-method is-config="true" signature="tearDownClass()[pri:0, instance:runners.TestRunner@2118cddf]" started-at="2025-09-08T19:09:43 IST" name="tearDownClass" finished-at="2025-09-08T19:09:43 IST" duration-ms="16" status="PASS">
          <reporter-output>
          </reporter-output>
        </test-method> <!-- tearDownClass -->
      </class> <!-- runners.TestRunner -->
    </test> <!-- Default test -->
  </suite> <!-- Default suite -->
</testng-results>
